#-----------------------------------------------------------
# Vivado v2017.2 (64-bit)
# SW Build 1909853 on Thu Jun 15 18:39:09 MDT 2017
# IP Build 1909766 on Thu Jun 15 19:58:00 MDT 2017
# Start of session at: Sat Jan 19 20:53:00 2019
# Process ID: 4588
# Current directory: D:/Code/Vivado/VerilogHDLExercise/module
# Command line: vivado.exe -gui_launcher_event rodinguilauncherevent5668 D:\Code\Vivado\VerilogHDLExercise\module\module.xpr
# Log file: D:/Code/Vivado/VerilogHDLExercise/module/vivado.log
# Journal file: D:/Code/Vivado/VerilogHDLExercise/module\vivado.jou
#-----------------------------------------------------------
start_gui
open_project D:/Code/Vivado/VerilogHDLExercise/module/module.xpr
Scanning sources...
Finished scanning sources
INFO: [IP_Flow 19-234] Refreshing IP repositories
INFO: [IP_Flow 19-1704] No user IP repositories specified
INFO: [IP_Flow 19-2313] Loaded Vivado IP repository 'C:/Xilinx/Vivado/2017.2/data/ip'.
open_project: Time (s): cpu = 00:00:13 ; elapsed = 00:00:05 . Memory (MB): peak = 1002.957 ; gain = 151.375
update_compile_order -fileset sources_1
exit
INFO: [Common 17-206] Exiting Vivado at Sat Jan 19 23:24:35 2019...
