Vivado Simulator 2017.2
Time resolution is 1 ps
                   0 Count Q = 0000, Clear = 1
                  34 Count Q = 0000, Clear = 0
                  40 Count Q = 0001, Clear = 0
                  60 Count Q = 0010, Clear = 0
                  80 Count Q = 0011, Clear = 0
                 100 Count Q = 0100, Clear = 0
                 120 Count Q = 0101, Clear = 0
                 140 Count Q = 0110, Clear = 0
                 160 Count Q = 0111, Clear = 0
                 180 Count Q = 1000, Clear = 0
                 200 Count Q = 1001, Clear = 0
                 220 Count Q = 1010, Clear = 0
                 234 Count Q = 0000, Clear = 1
                 284 Count Q = 0000, Clear = 0
                 300 Count Q = 0001, Clear = 0
                 320 Count Q = 0010, Clear = 0
                 340 Count Q = 0011, Clear = 0
                 360 Count Q = 0100, Clear = 0
                 380 Count Q = 0101, Clear = 0
$finish called at time : 400 ns : File "D:/Code/Vivado/VerilogHDLExercise/counter/counter.srcs/sim_1/new/testbench.v" Line 62
