Unable to capture context for thread 1652 in process 7800, can not generate back trace
Unable to capture context for thread 1236 in process 7800, can not generate back trace
Exception at PC 0x00007FFCED11BB93
Printing stacktrace...

[0]  [0x00007FFCED11BB93]
[1]  [0x00007FFCED11BB93]
[2]  [0x00007FFCED11B4A1]
[3]  [0x00007FFCED11B3EF]
[4]  [0x00007FFCED1019FE]
[5]  [0x00007FFCED100ED1]
[6]  [0x00007FFCED100D76]
[7]  [0x00007FFCED0A79F6]
[8]  [0x00007FFCED097AFB]
[9]  [0x00007FFCED1BE90A]
[10]  [0x00007FFCED1D9F87]
[11]  [0x00007FFCED1DA05F]
[12] (BaseThreadInitThunk+0x22) [0x00007FFD43CA13D2]
[13] (RtlUserThreadStart+0x34) [0x00007FFD460B54F4]
Done
Exception at PC 0x00007FFCECE21A52
Attemped to write at address 0x00007FFD2F2DABA4
Printing stacktrace...

[0]  [0x00007FFCECE21A52]
[1]  [0x00007FFCECE21A52]
[2]  [0x00007FFCECE21AD4]
[3]  [0x00007FFCECF63FF7]
[4]  [0x00007FFCECE49128]
[5]  [0x00007FFCED0FDFB9]
[6]  [0x00007FFCED2CEF23]
[7]  [0x00007FFCED1DB06B]
[8]  [0x00007FFCED1D08AF]
[9]  [0x00007FFCED1D0A32]
[10] (RtlActivateActivationContextUnsafeFast+0x114) [0x00007FFD460BC114]
[11] (LdrShutdownProcess+0x142) [0x00007FFD460BB522]
[12] (RtlExitUserProcess+0x98) [0x00007FFD460B8538]
[13] (FatalExit+0xa) [0x00007FFD43CA516A]
[14] (exit+0x25) [0x00007FFD45EF71D5]
[15] (flushall+0x22f) [0x00007FFD45EF6E6F]
[16]  [0x00000000004014CD]
[17]  [0x000000000040151B]
[18] (BaseThreadInitThunk+0x22) [0x00007FFD43CA13D2]
[19] (RtlUserThreadStart+0x34) [0x00007FFD460B54F4]
Done
