Vivado Simulator 2017.2
Time resolution is 1 ps
Count =           0
Count =           1
Count =           2
Count =           3
Count =           4
Count =           5
Count =           6
Count =           7
Count =           8
Count =           9
Count =          10
Count =          11
Count =          12
Count =          13
Count =          14
Count =          15
Count =          16
Count =          17
Count =          18
Count =          19
Count =          20
Count =          21
Count =          22
Count =          23
Count =          24
Count =          25
Count =          26
Count =          27
Count =          28
Count =          29
Count =          30
Count =          31
Count =          32
Count =          33
Count =          34
Count =          35
Count =          36
Count =          37
Count =          38
Count =          39
Count =          40
Count =          41
Count =          42
Count =          43
Count =          44
Count =          45
Count =          46
Count =          47
Count =          48
Count =          49
Count =          50
Count =          51
Count =          52
Count =          53
Count =          54
Count =          55
Count =          56
Count =          57
Count =          58
Count =          59
Count =          60
Count =          61
Count =          62
Count =          63
Count =          64
Count =          65
Count =          66
Count =          67
Count =          68
Count =          69
Count =          70
Count =          71
Count =          72
Count =          73
Count =          74
Count =          75
Count =          76
Count =          77
Count =          78
Count =          79
Count =          80
Count =          81
Count =          82
Count =          83
Count =          84
Count =          85
Count =          86
Count =          87
Count =          88
Count =          89
Count =          90
Count =          91
Count =          92
Count =          93
Count =          94
Count =          95
Count =          96
Count =          97
Count =          98
Count =          99
Count =         100
Count =         101
Count =         102
Count =         103
Count =         104
Count =         105
Count =         106
Count =         107
Count =         108
Count =         109
Count =         110
Count =         111
Count =         112
Count =         113
Count =         114
Count =         115
Count =         116
Count =         117
Count =         118
Count =         119
Count =         120
Count =         121
Count =         122
Count =         123
Count =         124
Count =         125
Count =         126
Count =         127
Encounterd a TURE bit at element number          13
Count2 =           0
Count2 =           1
Count2 =           2
Count2 =           3
Count2 =           4
Count2 =           5
Count2 =           6
Count2 =           7
Count2 =           8
Count2 =           9
Count2 =          10
Count2 =          11
Count2 =          12
Count2 =          13
Count2 =          14
Count2 =          15
Count2 =          16
Count2 =          17
Count2 =          18
Count2 =          19
Count2 =          20
Count2 =          21
Count2 =          22
Count2 =          23
Count2 =          24
Count2 =          25
Count2 =          26
Count2 =          27
Count2 =          28
Count2 =          29
Count2 =          30
Count2 =          31
Count2 =          32
Count2 =          33
Count2 =          34
Count2 =          35
Count2 =          36
Count2 =          37
Count2 =          38
Count2 =          39
Count2 =          40
Count2 =          41
Count2 =          42
Count2 =          43
Count2 =          44
Count2 =          45
Count2 =          46
Count2 =          47
Count2 =          48
Count2 =          49
Count2 =          50
Count2 =          51
Count2 =          52
Count2 =          53
Count2 =          54
Count2 =          55
Count2 =          56
Count2 =          57
Count2 =          58
Count2 =          59
Count2 =          60
Count2 =          61
Count2 =          62
Count2 =          63
Count2 =          64
Count2 =          65
Count2 =          66
Count2 =          67
Count2 =          68
Count2 =          69
Count2 =          70
Count2 =          71
Count2 =          72
Count2 =          73
Count2 =          74
Count2 =          75
Count2 =          76
Count2 =          77
Count2 =          78
Count2 =          79
Count2 =          80
Count2 =          81
Count2 =          82
Count2 =          83
Count2 =          84
Count2 =          85
Count2 =          86
Count2 =          87
Count2 =          88
Count2 =          89
Count2 =          90
Count2 =          91
Count2 =          92
Count2 =          93
Count2 =          94
Count2 =          95
Count2 =          96
Count2 =          97
Count2 =          98
Count2 =          99
Count2 =         100
Count2 =         101
Count2 =         102
Count2 =         103
Count2 =         104
Count2 =         105
Count2 =         106
Count2 =         107
Count2 =         108
Count2 =         109
Count2 =         110
Count2 =         111
Count2 =         112
Count2 =         113
Count2 =         114
Count2 =         115
Count2 =         116
Count2 =         117
Count2 =         118
Count2 =         119
Count2 =         120
Count2 =         121
Count2 =         122
Count2 =         123
Count2 =         124
Count2 =         125
Count2 =         126
Count2 =         127
Count3 =           0
Count3 =           1
Count3 =           2
Count3 =           3
Count3 =           4
Count3 =           5
Count3 =           6
Count3 =           7
Count3 =           8
Count3 =           9
Count3 =          10
Count3 =          11
Count3 =          12
Count3 =          13
Count3 =          14
Count3 =          15
Count3 =          16
Count3 =          17
Count3 =          18
Count3 =          19
Count3 =          20
Count3 =          21
Count3 =          22
Count3 =          23
Count3 =          24
Count3 =          25
Count3 =          26
Count3 =          27
Count3 =          28
Count3 =          29
Count3 =          30
Count3 =          31
Count3 =          32
Count3 =          33
Count3 =          34
Count3 =          35
Count3 =          36
Count3 =          37
Count3 =          38
Count3 =          39
Count3 =          40
Count3 =          41
Count3 =          42
Count3 =          43
Count3 =          44
Count3 =          45
Count3 =          46
Count3 =          47
Count3 =          48
Count3 =          49
Count3 =          50
Count3 =          51
Count3 =          52
Count3 =          53
Count3 =          54
Count3 =          55
Count3 =          56
Count3 =          57
Count3 =          58
Count3 =          59
Count3 =          60
Count3 =          61
Count3 =          62
Count3 =          63
Count3 =          64
Count3 =          65
Count3 =          66
Count3 =          67
Count3 =          68
Count3 =          69
Count3 =          70
Count3 =          71
Count3 =          72
Count3 =          73
Count3 =          74
Count3 =          75
Count3 =          76
Count3 =          77
Count3 =          78
Count3 =          79
Count3 =          80
Count3 =          81
Count3 =          82
Count3 =          83
Count3 =          84
Count3 =          85
Count3 =          86
Count3 =          87
Count3 =          88
Count3 =          89
Count3 =          90
Count3 =          91
Count3 =          92
Count3 =          93
Count3 =          94
Count3 =          95
Count3 =          96
Count3 =          97
Count3 =          98
Count3 =          99
Count3 =         100
Count3 =         101
Count3 =         102
Count3 =         103
Count3 =         104
Count3 =         105
Count3 =         106
Count3 =         107
Count3 =         108
Count3 =         109
Count3 =         110
Count3 =         111
Count3 =         112
Count3 =         113
Count3 =         114
Count3 =         115
Count3 =         116
Count3 =         117
Count3 =         118
Count3 =         119
Count3 =         120
Count3 =         121
Count3 =         122
Count3 =         123
Count3 =         124
Count3 =         125
Count3 =         126
Count3 =         127
